<?xml version="1.0" encoding="UTF-8"?>
<!-- Generated by org.testng.reporters.JUnitReportReporter -->
<testsuite skipped="0" hostname="FTDT798" name="TestNGAnnotations.Annotations2" tests="1" failures="0" timestamp="09 Aug 2018 09:19:59 GMT" time="0.004" errors="0">
  <testcase name="znstallSoftware" time="0.004" classname="TestNGAnnotations.Annotations2"/>
</testsuite> <!-- TestNGAnnotations.Annotations2 -->
