<?xml version="1.0" encoding="UTF-8"?>
<!-- Generated by org.testng.reporters.JUnitReportReporter -->
<testsuite skipped="0" hostname="FTDT798" name="ReportNG.ReportNGTest1" tests="2" failures="0" timestamp="09 Aug 2018 09:25:35 GMT" time="0.008" errors="0">
  <testcase name="reportNGTest1Test" time="0.007" classname="ReportNG.ReportNGTest1"/>
  <testcase name="reportNGTest2Test" time="0.001" classname="ReportNG.ReportNGTest1"/>
</testsuite> <!-- ReportNG.ReportNGTest1 -->
