<?xml version="1.0" encoding="UTF-8"?>
<!-- Generated by org.testng.reporters.JUnitReportReporter -->
<testsuite skipped="0" hostname="FTDT798" name="ReportNG.ReportNGTest2" tests="2" failures="0" timestamp="09 Aug 2018 09:25:35 GMT" time="0.002" errors="0">
  <testcase name="reportNGTest3Test" time="0.001" classname="ReportNG.ReportNGTest2"/>
  <testcase name="reportNGTest4Test" time="0.001" classname="ReportNG.ReportNGTest2"/>
</testsuite> <!-- ReportNG.ReportNGTest2 -->
