<?xml version="1.0" encoding="UTF-8"?>
<!-- Generated by org.testng.reporters.JUnitReportReporter -->
<testsuite skipped="1" hostname="FTDT798" name="TestNGAnnotations.skiptestcase" tests="3" failures="0" timestamp="08 Aug 2018 11:07:17 GMT" time="0.010" errors="0">
  <testcase name="closingBrowser" time="0.002" classname="TestNGAnnotations.skiptestcase"/>
  <testcase name="flightBooking" time="0.001" classname="TestNGAnnotations.skiptestcase">
    <skipped/>
  </testcase> <!-- flightBooking -->
  <testcase name="AopeningBrowser" time="0.007" classname="TestNGAnnotations.skiptestcase"/>
</testsuite> <!-- TestNGAnnotations.skiptestcase -->
