<?xml version="1.0" encoding="UTF-8"?>
<!-- Generated by org.testng.reporters.JUnitReportReporter -->
<testsuite skipped="0" hostname="FTDT798" name="TestNGAnnotations.DependencyAnnotations" tests="2" failures="0" timestamp="08 Aug 2018 10:11:36 GMT" time="0.002" errors="0">
  <testcase name="flightBooking" time="0.001" classname="TestNGAnnotations.DependencyAnnotations"/>
  <testcase name="openingBrowser" time="0.001" classname="TestNGAnnotations.DependencyAnnotations"/>
</testsuite> <!-- TestNGAnnotations.DependencyAnnotations -->
